<?xml version="1.0" encoding="UTF-8"?>
<!-- Generated by org.testng.reporters.JUnitReportReporter -->
<testsuite hostname="DESKTOP-VNGHCOH" name="org.testng.tests.uptaketests" tests="4" failures="0" timestamp="2 May 2017 22:25:17 GMT" time="6.661" errors="0">
  <testcase name="industrieslist" time="0.031" classname="org.testng.tests.uptaketests"/>
  <testcase name="verifyjumptosection" time="2.431" classname="org.testng.tests.uptaketests"/>
  <testcase name="isElementpresentHomePage" time="1.168" classname="org.testng.tests.uptaketests"/>
  <testcase name="VerifyTitle" time="3.031" classname="org.testng.tests.uptaketests"/>
</testsuite> <!-- org.testng.tests.uptaketests -->
